Running in Lattice mode


Starting:    C:\ispLEVER_Classic2_0\synpbase\win64\mbin\synbatch.exe
Install:     C:\ispLEVER_Classic2_0\synpbase
Date:        Sat Mar 14 05:45:01 2020
Version:     I-2014.03LC 

Arguments:   -product synplify_pro  -batch c:/users/aaron/documents/cpld/openx3\OPENX3.prj
ProductType: synplify_pro





log file: "C:\users\aaron\documents\cpld\openx3\OPENX3.srr"

Generating HDL info...
hdl_info_gen Completed
Return Code: 0
Run Time:0h:00m:00s
log file: "C:\users\aaron\documents\cpld\openx3\OPENX3.srr"

Running OPENX3|openx3

Running: Compile on OPENX3|openx3

Running: Compile Process on OPENX3|openx3

Running: Compile Input on OPENX3|openx3
compiler exited with errors
Job: "compiler" terminated with error status: 2.
See log file: "C:\users\aaron\documents\cpld\openx3\OPENX3.srr"
Return Code: 2
Run Time:0h:00m:00s
Copied C:\users\aaron\documents\cpld\openx3\OPENX3.srr to C:\users\aaron\documents\cpld\openx3\openx3.srf

exit status=2

exit status=2

